2014-04-26 13:02:09,697 ERROR [Worker-12] - System.err - SLF4J: Failed to load class "org.slf4j.impl.StaticLoggerBinder".
2014-04-26 13:02:09,711 ERROR [Worker-12] - System.err - SLF4J: Defaulting to no-operation (NOP) logger implementation
2014-04-26 13:02:09,712 ERROR [Worker-12] - System.err - SLF4J: See http://www.slf4j.org/codes.html#StaticLoggerBinder for further details.
2014-04-27 08:04:55,903 ERROR [Worker-77] - System.err - SLF4J: Failed to load class "org.slf4j.impl.StaticLoggerBinder".
2014-04-27 08:04:55,917 ERROR [Worker-77] - System.err - SLF4J: Defaulting to no-operation (NOP) logger implementation
2014-04-27 08:04:55,917 ERROR [Worker-77] - System.err - SLF4J: See http://www.slf4j.org/codes.html#StaticLoggerBinder for further details.
2014-05-07 23:45:21,589  WARN [ModalContext] - ImplicitHighlightingPresenter - Timeout while waiting for `askLoadedTyped` during implicit highlighting.
2014-05-10 07:42:47,979 ERROR [Worker-99] - System.err - SLF4J: Failed to load class "org.slf4j.impl.StaticLoggerBinder".
2014-05-10 07:42:47,988 ERROR [Worker-99] - System.err - SLF4J: Defaulting to no-operation (NOP) logger implementation
2014-05-10 07:42:47,988 ERROR [Worker-99] - System.err - SLF4J: See http://www.slf4j.org/codes.html#StaticLoggerBinder for further details.
2014-05-12 22:10:41,330  WARN [ModalContext] - ImplicitHighlightingPresenter - Timeout while waiting for `askLoadedTyped` during implicit highlighting.
2014-05-19 22:23:30,716 ERROR [Worker-124] - System.err - SLF4J: Failed to load class "org.slf4j.impl.StaticLoggerBinder".
2014-05-19 22:23:30,725 ERROR [Worker-124] - System.err - SLF4J: Defaulting to no-operation (NOP) logger implementation
2014-05-19 22:23:30,725 ERROR [Worker-124] - System.err - SLF4J: See http://www.slf4j.org/codes.html#StaticLoggerBinder for further details.
2014-05-27 22:27:25,283  WARN [ModalContext] - ImplicitHighlightingPresenter - Timeout while waiting for `askLoadedTyped` during implicit highlighting.
2014-05-27 22:27:25,512  WARN [ModalContext] - ImplicitHighlightingPresenter - Timeout while waiting for `askLoadedTyped` during implicit highlighting.
2014-05-27 22:27:25,723  WARN [ModalContext] - ImplicitHighlightingPresenter - Timeout while waiting for `askLoadedTyped` during implicit highlighting.
2014-05-27 22:27:25,931  WARN [ModalContext] - ImplicitHighlightingPresenter - Timeout while waiting for `askLoadedTyped` during implicit highlighting.
2014-05-27 22:27:50,786  WARN [ModalContext] - ImplicitHighlightingPresenter - Timeout while waiting for `askLoadedTyped` during implicit highlighting.
2014-05-29 22:18:22,137  WARN [Worker-0] - ImplicitHighlightingPresenter - Timeout while waiting for `askLoadedTyped` during implicit highlighting.
2014-06-01 14:22:54,281 ERROR [Worker-30] - System.err - SLF4J: Failed to load class "org.slf4j.impl.StaticLoggerBinder".
2014-06-01 14:22:54,301 ERROR [Worker-30] - System.err - SLF4J: Defaulting to no-operation (NOP) logger implementation
2014-06-01 14:22:54,301 ERROR [Worker-30] - System.err - SLF4J: See http://www.slf4j.org/codes.html#StaticLoggerBinder for further details.
2014-06-01 18:15:17,071  WARN [org.eclipse.jdt.internal.ui.text.JavaReconciler] - ImplicitHighlightingPresenter - Timeout while waiting for `askLoadedTyped` during implicit highlighting.
2014-06-10 22:34:31,330 ERROR [main] - org.scala-ide.sdt.core - org.scala-ide.sdt.core - org.scala-ide.sdt.core - 0 - Error during instrumentation of ScriptCompilationUnit(L/progfun-example/src/main/scala/week6/Pairs.sc)
org.scalaide.worksheet.runtime.ProgramInstrumentationFailed: Error during askInstrumented of unit Pairs.sc
	at org.scalaide.worksheet.runtime.SourceInstrumenter.instrumentProgram(SourceInstrumenter.scala:37)
	at org.scalaide.worksheet.runtime.SourceInstrumenter.instrument(SourceInstrumenter.scala:20)
	at org.scalaide.worksheet.runtime.WorksheetRunner$$anonfun$act$1$$anonfun$apply$1.applyOrElse(WorksheetRunner.scala:58)
	at scala.runtime.AbstractPartialFunction$mcVL$sp.apply$mcVL$sp(AbstractPartialFunction.scala:33)
	at scala.runtime.AbstractPartialFunction$mcVL$sp.apply(AbstractPartialFunction.scala:33)
	at scala.runtime.AbstractPartialFunction$mcVL$sp.apply(AbstractPartialFunction.scala:25)
	at scala.actors.ReactorTask.run(ReactorTask.scala:31)
	at scala.actors.Reactor$class.resumeReceiver(Reactor.scala:129)
	at org.scalaide.worksheet.runtime.WorksheetRunner.scala$actors$InternalReplyReactor$$super$resumeReceiver(WorksheetRunner.scala:33)
	at scala.actors.InternalReplyReactor$class.resumeReceiver(InternalReplyReactor.scala:59)
	at org.scalaide.worksheet.runtime.WorksheetRunner.resumeReceiver(WorksheetRunner.scala:33)
	at scala.actors.InternalActor$class.searchMailbox(InternalActor.scala:76)
	at org.scalaide.worksheet.runtime.WorksheetRunner.searchMailbox(WorksheetRunner.scala:33)
	at scala.actors.Reactor$$anonfun$startSearch$1$$anonfun$apply$mcV$sp$1.apply$mcV$sp(Reactor.scala:117)
	at scala.actors.Reactor$$anonfun$startSearch$1$$anonfun$apply$mcV$sp$1.apply(Reactor.scala:114)
	at scala.actors.Reactor$$anonfun$startSearch$1$$anonfun$apply$mcV$sp$1.apply(Reactor.scala:114)
	at scala.actors.ReactorTask.run(ReactorTask.scala:33)
	at scala.actors.ReactorTask.compute(ReactorTask.scala:63)
	at scala.concurrent.forkjoin.RecursiveAction.exec(RecursiveAction.java:160)
	at scala.concurrent.forkjoin.ForkJoinTask.doExec(ForkJoinTask.java:260)
	at scala.concurrent.forkjoin.ForkJoinPool$WorkQueue.runTask(ForkJoinPool.java:1339)
	at scala.concurrent.forkjoin.ForkJoinPool.runWorker(ForkJoinPool.java:1979)
	at scala.concurrent.forkjoin.ForkJoinWorkerThread.run(ForkJoinWorkerThread.java:107)
Caused by: java.lang.ArrayIndexOutOfBoundsException
	at java.lang.System.arraycopy(Native Method)
	at scala.Array$.copy(Array.scala:105)
	at scala.tools.nsc.interactive.ScratchPadMaker2$Patcher$$anonfun$result$2.apply(ScratchPadMaker2.scala:148)
	at scala.tools.nsc.interactive.ScratchPadMaker2$Patcher$$anonfun$result$2.apply(ScratchPadMaker2.scala:145)
	at scala.collection.TraversableLike$WithFilter$$anonfun$foreach$1.apply(TraversableLike.scala:772)
	at scala.collection.mutable.ResizableArray$class.foreach(ResizableArray.scala:59)
	at scala.collection.mutable.ArrayBuffer.foreach(ArrayBuffer.scala:47)
	at scala.collection.TraversableLike$WithFilter.foreach(TraversableLike.scala:771)
	at scala.tools.nsc.interactive.ScratchPadMaker2$Patcher.result(ScratchPadMaker2.scala:145)
	at scala.tools.nsc.interactive.ProgramInstrumenter$Instrumenter$.scala$tools$nsc$interactive$ProgramInstrumenter$Instrumenter$$instrumentation(ProgramInstrumenter.scala:35)
	at scala.tools.nsc.interactive.ProgramInstrumenter$Instrumenter$$anonfun$askInstrumentation$1.apply(ProgramInstrumenter.scala:15)
	at scala.tools.nsc.interactive.ProgramInstrumenter$Instrumenter$$anonfun$askInstrumentation$1.apply(ProgramInstrumenter.scala:15)
	at scala.tools.nsc.interactive.Global$$anonfun$respond$1.apply(Global.scala:623)
	at scala.tools.nsc.interactive.Global$$anonfun$respond$1.apply(Global.scala:623)
	at scala.tools.nsc.interactive.Global.respondGradually(Global.scala:630)
	at scala.tools.nsc.interactive.Global.respond(Global.scala:623)
	at scala.tools.nsc.interactive.ProgramInstrumenter$Instrumenter$.askInstrumentation(ProgramInstrumenter.scala:14)
	at scala.tools.nsc.interactive.ProgramInstrumenter$$anonfun$askInstrumented$1.apply$mcV$sp(ProgramInstrumenter.scala:51)
	at scala.tools.nsc.interactive.ProgramInstrumenter$$anonfun$askInstrumented$1.apply(ProgramInstrumenter.scala:51)
	at scala.tools.nsc.interactive.ProgramInstrumenter$$anonfun$askInstrumented$1.apply(ProgramInstrumenter.scala:51)
	at scala.tools.nsc.util.InterruptReq.execute(InterruptReq.scala:26)
	at scala.tools.nsc.interactive.Global.pollForWork(Global.scala:346)
	at scala.tools.nsc.interactive.Global.checkForMoreWork(Global.scala:407)
	at scala.tools.nsc.interactive.Global.signalDone(Global.scala:259)
	at scala.tools.nsc.typechecker.Typers$Typer.typed(Typers.scala:5669)
	at scala.tools.nsc.typechecker.Typers$Typer.typedArg(Typers.scala:3042)
	at scala.tools.nsc.typechecker.Typers$Typer.loop$1(Typers.scala:3069)
	at scala.tools.nsc.typechecker.Typers$Typer.typedArgs(Typers.scala:3074)
	at scala.tools.nsc.typechecker.Typers$Typer.scala$tools$nsc$typechecker$Typers$Typer$$handleMonomorphicCall$1(Typers.scala:3354)
	at scala.tools.nsc.typechecker.Typers$Typer.doTypedApply(Typers.scala:3398)
	at scala.tools.nsc.typechecker.Typers$Typer.normalTypedApply$1(Typers.scala:4627)
	at scala.tools.nsc.typechecker.Typers$Typer.typedApply$1(Typers.scala:4659)
	at scala.tools.nsc.typechecker.Typers$Typer.typed1(Typers.scala:5564)
	at scala.tools.nsc.typechecker.Typers$Typer.typed(Typers.scala:5642)
	at scala.tools.nsc.typechecker.Typers$Typer.adaptToImplicitMethod$1(Typers.scala:869)
	at scala.tools.nsc.typechecker.Typers$Typer.adapt(Typers.scala:1126)
	at scala.tools.nsc.typechecker.Typers$Typer.typed(Typers.scala:5660)
	at scala.tools.nsc.typechecker.Typers$Typer.typed(Typers.scala:5721)
	at scala.tools.nsc.typechecker.Typers$Typer.scala$tools$nsc$typechecker$Typers$Typer$$typedFunction(Typers.scala:2853)
	at scala.tools.nsc.typechecker.Typers$Typer.typedFunction$1(Typers.scala:5556)
	at scala.tools.nsc.typechecker.Typers$Typer.typed1(Typers.scala:5575)
	at scala.tools.nsc.typechecker.Typers$Typer.typed(Typers.scala:5642)
	at scala.tools.nsc.typechecker.Typers$Typer.typedArg(Typers.scala:3042)
	at scala.tools.nsc.typechecker.Typers$Typer.scala$tools$nsc$typechecker$Typers$Typer$$typedArgToPoly$1(Typers.scala:3418)
	at scala.tools.nsc.typechecker.Typers$Typer$$anonfun$70.apply(Typers.scala:3426)
	at scala.tools.nsc.typechecker.Typers$Typer$$anonfun$70.apply(Typers.scala:3426)
	at scala.reflect.internal.util.Collections$class.map2(Collections.scala:51)
	at scala.reflect.internal.SymbolTable.map2(SymbolTable.scala:13)
	at scala.tools.nsc.typechecker.Typers$Typer.handlePolymorphicCall$1(Typers.scala:3426)
	at scala.tools.nsc.typechecker.Typers$Typer.doTypedApply(Typers.scala:3438)
	at scala.tools.nsc.typechecker.Typers$Typer.normalTypedApply$1(Typers.scala:4627)
	at scala.tools.nsc.typechecker.Typers$Typer.typedApply$1(Typers.scala:4659)
	at scala.tools.nsc.typechecker.Typers$Typer.typed1(Typers.scala:5564)
	at scala.tools.nsc.typechecker.Typers$Typer.typed(Typers.scala:5642)
	at scala.tools.nsc.typechecker.Typers$Typer.typedQualifier(Typers.scala:5727)
	at scala.tools.nsc.typechecker.Typers$Typer.typedQualifier(Typers.scala:5733)
	at scala.tools.nsc.typechecker.Typers$Typer.typedSelectOrSuperCall$1(Typers.scala:4913)
	at scala.tools.nsc.typechecker.Typers$Typer.typed1(Typers.scala:5563)
	at scala.tools.nsc.typechecker.Typers$Typer.typed(Typers.scala:5642)
	at scala.tools.nsc.typechecker.Typers$Typer.scala$tools$nsc$typechecker$Typers$Typer$$typedStat$1(Typers.scala:2928)
	at scala.tools.nsc.typechecker.Typers$Typer$$anonfun$61.apply(Typers.scala:3032)
	at scala.tools.nsc.typechecker.Typers$Typer$$anonfun$61.apply(Typers.scala:3032)
	at scala.collection.immutable.List.loop$1(List.scala:170)
	at scala.collection.immutable.List.mapConserve(List.scala:186)
	at scala.tools.nsc.typechecker.Typers$Typer.typedStats(Typers.scala:3032)
	at scala.tools.nsc.typechecker.Typers$Typer.typedTemplate(Typers.scala:1919)
	at scala.tools.nsc.typechecker.Typers$Typer.typedModuleDef(Typers.scala:1800)
	at scala.tools.nsc.typechecker.Typers$Typer.typed1(Typers.scala:5584)
	at scala.tools.nsc.typechecker.Typers$Typer.typed(Typers.scala:5642)
	at scala.tools.nsc.typechecker.Typers$Typer.scala$tools$nsc$typechecker$Typers$Typer$$typedStat$1(Typers.scala:2928)
	at scala.tools.nsc.typechecker.Typers$Typer$$anonfun$61.apply(Typers.scala:3032)
	at scala.tools.nsc.typechecker.Typers$Typer$$anonfun$61.apply(Typers.scala:3032)
	at scala.collection.immutable.List.loop$1(List.scala:170)
	at scala.collection.immutable.List.mapConserve(List.scala:186)
	at scala.tools.nsc.typechecker.Typers$Typer.typedStats(Typers.scala:3032)
	at scala.tools.nsc.typechecker.Typers$Typer.typedPackageDef$1(Typers.scala:5301)
	at scala.tools.nsc.typechecker.Typers$Typer.typed1(Typers.scala:5587)
	at scala.tools.nsc.typechecker.Typers$Typer.typed(Typers.scala:5642)
	at scala.tools.nsc.typechecker.Typers$Typer.typed(Typers.scala:5704)
	at scala.tools.nsc.typechecker.Analyzer$typerFactory$$anon$3.apply(Analyzer.scala:99)
	at scala.tools.nsc.Global$GlobalPhase.applyPhase(Global.scala:464)
	at scala.tools.nsc.interactive.Global$TyperRun$$anonfun$applyPhase$1.apply(Global.scala:1173)
	at scala.tools.nsc.interactive.Global$TyperRun$$anonfun$applyPhase$1.apply(Global.scala:1173)
	at scala.reflect.internal.SymbolTable.atPhase(SymbolTable.scala:207)
	at scala.tools.nsc.interactive.Global$TyperRun.applyPhase(Global.scala:1173)
	at scala.tools.nsc.interactive.Global$TyperRun.typeCheck(Global.scala:1166)
	at scala.tools.nsc.interactive.Global.scala$tools$nsc$interactive$Global$$typeCheck(Global.scala:592)
	at scala.tools.nsc.interactive.Global$$anonfun$backgroundCompile$5$$anonfun$apply$7.apply(Global.scala:508)
	at scala.tools.nsc.interactive.Global$$anonfun$backgroundCompile$5.apply(Global.scala:504)
	at scala.tools.nsc.interactive.Global$$anonfun$backgroundCompile$5.apply(Global.scala:504)
	at scala.collection.TraversableLike$WithFilter$$anonfun$foreach$1.apply(TraversableLike.scala:772)
	at scala.collection.immutable.List.foreach(List.scala:318)
	at scala.collection.TraversableLike$WithFilter.foreach(TraversableLike.scala:771)
	at scala.tools.nsc.interactive.Global.backgroundCompile(Global.scala:504)
	at scala.tools.nsc.interactive.PresentationCompilerThread.run(PresentationCompilerThread.scala:25)
2014-06-10 23:07:06,695 ERROR [main] - org.scala-ide.sdt.core - org.scala-ide.sdt.core - org.scala-ide.sdt.core - 0 - Error during instrumentation of ScriptCompilationUnit(L/progfun-example/src/main/scala/week6/Queens.sc)
org.scalaide.worksheet.runtime.MissingTopLevelObjectDeclaration: Couldn't find top level object declaration in source Queens.sc
	at org.scalaide.worksheet.runtime.SourceInstrumenter.instrumentProgram(SourceInstrumenter.scala:33)
	at org.scalaide.worksheet.runtime.SourceInstrumenter.instrument(SourceInstrumenter.scala:20)
	at org.scalaide.worksheet.runtime.WorksheetRunner$$anonfun$act$1$$anonfun$apply$1.applyOrElse(WorksheetRunner.scala:58)
	at scala.runtime.AbstractPartialFunction$mcVL$sp.apply$mcVL$sp(AbstractPartialFunction.scala:33)
	at scala.runtime.AbstractPartialFunction$mcVL$sp.apply(AbstractPartialFunction.scala:33)
	at scala.runtime.AbstractPartialFunction$mcVL$sp.apply(AbstractPartialFunction.scala:25)
	at scala.actors.ReactorTask.run(ReactorTask.scala:31)
	at scala.actors.Reactor$class.resumeReceiver(Reactor.scala:129)
	at org.scalaide.worksheet.runtime.WorksheetRunner.scala$actors$InternalReplyReactor$$super$resumeReceiver(WorksheetRunner.scala:33)
	at scala.actors.InternalReplyReactor$class.resumeReceiver(InternalReplyReactor.scala:59)
	at org.scalaide.worksheet.runtime.WorksheetRunner.resumeReceiver(WorksheetRunner.scala:33)
	at scala.actors.InternalActor$class.searchMailbox(InternalActor.scala:76)
	at org.scalaide.worksheet.runtime.WorksheetRunner.searchMailbox(WorksheetRunner.scala:33)
	at scala.actors.Reactor$$anonfun$startSearch$1$$anonfun$apply$mcV$sp$1.apply$mcV$sp(Reactor.scala:117)
	at scala.actors.Reactor$$anonfun$startSearch$1$$anonfun$apply$mcV$sp$1.apply(Reactor.scala:114)
	at scala.actors.Reactor$$anonfun$startSearch$1$$anonfun$apply$mcV$sp$1.apply(Reactor.scala:114)
	at scala.actors.ReactorTask.run(ReactorTask.scala:33)
	at scala.actors.ReactorTask.compute(ReactorTask.scala:63)
	at scala.concurrent.forkjoin.RecursiveAction.exec(RecursiveAction.java:160)
	at scala.concurrent.forkjoin.ForkJoinTask.doExec(ForkJoinTask.java:260)
	at scala.concurrent.forkjoin.ForkJoinPool$WorkQueue.runTask(ForkJoinPool.java:1339)
	at scala.concurrent.forkjoin.ForkJoinPool.runWorker(ForkJoinPool.java:1979)
	at scala.concurrent.forkjoin.ForkJoinWorkerThread.run(ForkJoinWorkerThread.java:107)
